# JRE version: Java(TM) SE Runtime Environment (8.0_73-b02) (build 1.8.0_73-b02)
# Java VM: Java HotSpot(TM) 64-Bit Server VM (25.73-b02 mixed mode windows-amd64 compressed oops)
Heap:
 PSYoungGen      total 216064K, used 157685K [0x00000000eab00000, 0x00000000ff880000, 0x0000000100000000)
  eden space 145920K, 66% used [0x00000000eab00000,0x00000000f098d2a0,0x00000000f3980000)
  from space 70144K, 86% used [0x00000000f3980000,0x00000000f74f02f0,0x00000000f7e00000)
  to   space 77312K, 0% used [0x00000000fad00000,0x00000000fad00000,0x00000000ff880000)
 ParOldGen       total 189952K, used 89348K [0x00000000c0000000, 0x00000000cb980000, 0x00000000eab00000)
  object space 189952K, 47% used [0x00000000c0000000,0x00000000c5741268,0x00000000cb980000)
 Metaspace       used 6369K, capacity 7344K, committed 7552K, reserved 1056768K
  class space    used 601K, capacity 616K, committed 640K, reserved 1048576K
GC Heap History (10 events):
Event: 7.581 GC heap before
{Heap before GC invocations=7 (full 1):
 PSYoungGen      total 138240K, used 133120K [0x00000000eab00000, 0x00000000f3700000, 0x0000000100000000)
  eden space 133120K, 100% used [0x00000000eab00000,0x00000000f2d00000,0x00000000f2d00000)
  from space 5120K, 0% used [0x00000000f2d00000,0x00000000f2d00000,0x00000000f3200000)
  to   space 5120K, 0% used [0x00000000f3200000,0x00000000f3200000,0x00000000f3700000)
 ParOldGen       total 125952K, used 51974K [0x00000000c0000000, 0x00000000c7b00000, 0x00000000eab00000)
  object space 125952K, 41% used [0x00000000c0000000,0x00000000c32c1a58,0x00000000c7b00000)
 Metaspace       used 6099K, capacity 7152K, committed 7296K, reserved 1056768K
  class space    used 587K, capacity 616K, committed 640K, reserved 1048576K
Event: 7.612 GC heap after
Heap after GC invocations=7 (full 1):
 PSYoungGen      total 101376K, used 5094K [0x00000000eab00000, 0x00000000fdb80000, 0x0000000100000000)
  eden space 96256K, 0% used [0x00000000eab00000,0x00000000eab00000,0x00000000f0900000)
  from space 5120K, 99% used [0x00000000f3200000,0x00000000f36f99b0,0x00000000f3700000)
  to   space 41984K, 0% used [0x00000000f0900000,0x00000000f0900000,0x00000000f3200000)
 ParOldGen       total 125952K, used 80245K [0x00000000c0000000, 0x00000000c7b00000, 0x00000000eab00000)
  object space 125952K, 63% used [0x00000000c0000000,0x00000000c4e5d710,0x00000000c7b00000)
 Metaspace       used 6099K, capacity 7152K, committed 7296K, reserved 1056768K
  class space    used 587K, capacity 616K, committed 640K, reserved 1048576K
}
Event: 7.805 GC heap before
{Heap before GC invocations=8 (full 1):
 PSYoungGen      total 101376K, used 101350K [0x00000000eab00000, 0x00000000fdb80000, 0x0000000100000000)
  eden space 96256K, 100% used [0x00000000eab00000,0x00000000f0900000,0x00000000f0900000)
  from space 5120K, 99% used [0x00000000f3200000,0x00000000f36f99b0,0x00000000f3700000)
  to   space 41984K, 0% used [0x00000000f0900000,0x00000000f0900000,0x00000000f3200000)
 ParOldGen       total 125952K, used 80245K [0x00000000c0000000, 0x00000000c7b00000, 0x00000000eab00000)
  object space 125952K, 63% used [0x00000000c0000000,0x00000000c4e5d710,0x00000000c7b00000)
 Metaspace       used 6111K, capacity 7152K, committed 7296K, reserved 1056768K
  class space    used 587K, capacity 616K, committed 640K, reserved 1048576K
Event: 7.842 GC heap after
Heap after GC invocations=8 (full 1):
 PSYoungGen      total 138240K, used 41981K [0x00000000eab00000, 0x00000000fb080000, 0x0000000100000000)
  eden space 96256K, 0% used [0x00000000eab00000,0x00000000eab00000,0x00000000f0900000)
  from space 41984K, 99% used [0x00000000f0900000,0x00000000f31ff650,0x00000000f3200000)
  to   space 51712K, 0% used [0x00000000f7e00000,0x00000000f7e00000,0x00000000fb080000)
 ParOldGen       total 125952K, used 86684K [0x00000000c0000000, 0x00000000c7b00000, 0x00000000eab00000)
  object space 125952K, 68% used [0x00000000c0000000,0x00000000c54a71b0,0x00000000c7b00000)
 Metaspace       used 6111K, capacity 7152K, committed 7296K, reserved 1056768K
  class space    used 587K, capacity 616K, committed 640K, reserved 1048576K
}
Event: 8.044 GC heap before
{Heap before GC invocations=9 (full 1):
 PSYoungGen      total 138240K, used 138237K [0x00000000eab00000, 0x00000000fb080000, 0x0000000100000000)
  eden space 96256K, 100% used [0x00000000eab00000,0x00000000f0900000,0x00000000f0900000)
  from space 41984K, 99% used [0x00000000f0900000,0x00000000f31ff650,0x00000000f3200000)
  to   space 51712K, 0% used [0x00000000f7e00000,0x00000000f7e00000,0x00000000fb080000)
 ParOldGen       total 125952K, used 86684K [0x00000000c0000000, 0x00000000c7b00000, 0x00000000eab00000)
  object space 125952K, 68% used [0x00000000c0000000,0x00000000c54a71b0,0x00000000c7b00000)
 Metaspace       used 6131K, capacity 7152K, committed 7296K, reserved 1056768K
  class space    used 589K, capacity 616K, committed 640K, reserved 1048576K
Event: 8.120 GC heap after
Heap after GC invocations=9 (full 1):
 PSYoungGen      total 197632K, used 51697K [0x00000000eab00000, 0x00000000fd680000, 0x0000000100000000)
  eden space 145920K, 0% used [0x00000000eab00000,0x00000000eab00000,0x00000000f3980000)
  from space 51712K, 99% used [0x00000000f7e00000,0x00000000fb07c7c8,0x00000000fb080000)
  to   space 70144K, 0% used [0x00000000f3980000,0x00000000f3980000,0x00000000f7e00000)
 ParOldGen       total 125952K, used 110231K [0x00000000c0000000, 0x00000000c7b00000, 0x00000000eab00000)
  object space 125952K, 87% used [0x00000000c0000000,0x00000000c6ba5c00,0x00000000c7b00000)
 Metaspace       used 6131K, capacity 7152K, committed 7296K, reserved 1056768K
  class space    used 589K, capacity 616K, committed 640K, reserved 1048576K
}
Event: 8.120 GC heap before
{Heap before GC invocations=10 (full 2):
 PSYoungGen      total 197632K, used 51697K [0x00000000eab00000, 0x00000000fd680000, 0x0000000100000000)
  eden space 145920K, 0% used [0x00000000eab00000,0x00000000eab00000,0x00000000f3980000)
  from space 51712K, 99% used [0x00000000f7e00000,0x00000000fb07c7c8,0x00000000fb080000)
  to   space 70144K, 0% used [0x00000000f3980000,0x00000000f3980000,0x00000000f7e00000)
 ParOldGen       total 125952K, used 110231K [0x00000000c0000000, 0x00000000c7b00000, 0x00000000eab00000)
  object space 125952K, 87% used [0x00000000c0000000,0x00000000c6ba5c00,0x00000000c7b00000)
 Metaspace       used 6131K, capacity 7152K, committed 7296K, reserved 1056768K
  class space    used 589K, capacity 616K, committed 640K, reserved 1048576K
Event: 8.594 GC heap after
Heap after GC invocations=10 (full 2):
 PSYoungGen      total 197632K, used 0K [0x00000000eab00000, 0x00000000fd680000, 0x0000000100000000)
  eden space 145920K, 0% used [0x00000000eab00000,0x00000000eab00000,0x00000000f3980000)
  from space 51712K, 0% used [0x00000000f7e00000,0x00000000f7e00000,0x00000000fb080000)
  to   space 70144K, 0% used [0x00000000f3980000,0x00000000f3980000,0x00000000f7e00000)
 ParOldGen       total 189952K, used 89340K [0x00000000c0000000, 0x00000000cb980000, 0x00000000eab00000)
  object space 189952K, 47% used [0x00000000c0000000,0x00000000c573f268,0x00000000cb980000)
 Metaspace       used 6131K, capacity 7152K, committed 7296K, reserved 1056768K
  class space    used 589K, capacity 616K, committed 640K, reserved 1048576K
}
Event: 9.345 GC heap before
{Heap before GC invocations=11 (full 2):
 PSYoungGen      total 197632K, used 145920K [0x00000000eab00000, 0x00000000fd680000, 0x0000000100000000)
  eden space 145920K, 100% used [0x00000000eab00000,0x00000000f3980000,0x00000000f3980000)
  from space 51712K, 0% used [0x00000000f7e00000,0x00000000f7e00000,0x00000000fb080000)
  to   space 70144K, 0% used [0x00000000f3980000,0x00000000f3980000,0x00000000f7e00000)
 ParOldGen       total 189952K, used 89340K [0x00000000c0000000, 0x00000000cb980000, 0x00000000eab00000)
  object space 189952K, 47% used [0x00000000c0000000,0x00000000c573f268,0x00000000cb980000)
 Metaspace       used 6141K, capacity 7152K, committed 7296K, reserved 1056768K
  class space    used 589K, capacity 616K, committed 640K, reserved 1048576K
Event: 9.500 GC heap after
Heap after GC invocations=11 (full 2):
 PSYoungGen      total 216064K, used 60864K [0x00000000eab00000, 0x00000000ff880000, 0x0000000100000000)
  eden space 145920K, 0% used [0x00000000eab00000,0x00000000eab00000,0x00000000f3980000)
  from space 70144K, 86% used [0x00000000f3980000,0x00000000f74f02f0,0x00000000f7e00000)
  to   space 77312K, 0% used [0x00000000fad00000,0x00000000fad00000,0x00000000ff880000)
 ParOldGen       total 189952K, used 89348K [0x00000000c0000000, 0x00000000cb980000, 0x00000000eab00000)
  object space 189952K, 47% used [0x00000000c0000000,0x00000000c5741268,0x00000000cb980000)
 Metaspace       used 6141K, capacity 7152K, committed 7296K, reserved 1056768K
  class space    used 589K, capacity 616K, committed 640K, reserved 1048576K
}

